[18:50:11] [ServerMain/INFO]: Environment: Environment[sessionHost=https://sessionserver.mojang.com, servicesHost=https://api.minecraftservices.com, name=PROD]
[18:50:11] [ServerMain/INFO]: No existing world data, creating new world
[18:50:12] [ServerMain/INFO]: Loaded 7 recipes
[18:50:12] [ServerMain/INFO]: Loaded 1271 advancements
[18:50:13] [Server thread/INFO]: Starting minecraft server version 1.20.4
[18:50:13] [Server thread/INFO]: Loading properties
[18:50:13] [Server thread/INFO]: Default game type: SURVIVAL
[18:50:13] [Server thread/INFO]: Generating keypair
[18:50:13] [Server thread/INFO]: Starting Minecraft server on *:25565
[18:50:13] [Server thread/INFO]: Using epoll channel type
[18:50:13] [Server thread/WARN]: **** SERVER IS RUNNING IN OFFLINE/INSECURE MODE!
[18:50:13] [Server thread/WARN]: The server will make no attempt to authenticate usernames. Beware.
[18:50:13] [Server thread/WARN]: While this makes the game possible to play without internet access, it also opens up the ability for hackers to connect with any username they choose.
[18:50:13] [Server thread/WARN]: To change this, set "online-mode" to "true" in the server.properties file.
[18:50:13] [Server thread/INFO]: Preparing level "world"
[18:50:18] [Server thread/INFO]: Preparing start region for dimension minecraft:overworld
[18:50:18] [Worker-Main-1/INFO]: Preparing spawn area: 0%
[18:50:18] [Worker-Main-3/INFO]: Preparing spawn area: 0%
[18:50:19] [Worker-Main-1/INFO]: Preparing spawn area: 0%
[18:50:20] [Worker-Main-3/INFO]: Preparing spawn area: 0%
[18:50:20] [Worker-Main-3/INFO]: Preparing spawn area: 0%
[18:50:20] [Worker-Main-1/INFO]: Preparing spawn area: 1%
[18:50:23] [Worker-Main-1/INFO]: Preparing spawn area: 2%
[18:50:23] [Worker-Main-1/INFO]: Preparing spawn area: 2%
[18:50:23] [Worker-Main-1/INFO]: Preparing spawn area: 2%
[18:50:23] [Worker-Main-1/INFO]: Preparing spawn area: 2%
[18:50:23] [Worker-Main-2/INFO]: Preparing spawn area: 2%
[18:50:23] [Worker-Main-2/INFO]: Preparing spawn area: 4%
[18:50:24] [Worker-Main-1/INFO]: Preparing spawn area: 5%
[18:50:24] [Worker-Main-3/INFO]: Preparing spawn area: 6%
[18:50:25] [Worker-Main-2/INFO]: Preparing spawn area: 9%
[18:50:25] [Worker-Main-2/INFO]: Preparing spawn area: 10%
[18:50:26] [Worker-Main-1/INFO]: Preparing spawn area: 12%
[18:50:26] [Worker-Main-2/INFO]: Preparing spawn area: 15%
[18:50:27] [Worker-Main-2/INFO]: Preparing spawn area: 16%
[18:50:27] [Worker-Main-2/INFO]: Preparing spawn area: 19%
[18:50:28] [Worker-Main-1/INFO]: Preparing spawn area: 22%
[18:50:28] [Worker-Main-2/INFO]: Preparing spawn area: 23%
[18:50:29] [Worker-Main-1/INFO]: Preparing spawn area: 25%
[18:50:29] [Worker-Main-2/INFO]: Preparing spawn area: 28%
[18:50:30] [Worker-Main-1/INFO]: Preparing spawn area: 31%
[18:50:30] [Worker-Main-2/INFO]: Preparing spawn area: 32%
[18:50:31] [Worker-Main-1/INFO]: Preparing spawn area: 34%
[18:50:31] [Worker-Main-3/INFO]: Preparing spawn area: 36%
[18:50:32] [Worker-Main-2/INFO]: Preparing spawn area: 40%
[18:50:32] [Worker-Main-3/INFO]: Preparing spawn area: 42%
[18:50:33] [Worker-Main-2/INFO]: Preparing spawn area: 44%
[18:50:33] [Worker-Main-2/INFO]: Preparing spawn area: 48%
[18:50:34] [Worker-Main-3/INFO]: Preparing spawn area: 51%
[18:50:34] [Worker-Main-2/INFO]: Preparing spawn area: 53%
[18:50:35] [Worker-Main-1/INFO]: Preparing spawn area: 55%
[18:50:35] [Worker-Main-2/INFO]: Preparing spawn area: 56%
[18:50:36] [Worker-Main-1/INFO]: Preparing spawn area: 60%
[18:50:36] [Worker-Main-1/INFO]: Preparing spawn area: 63%
[18:50:37] [Worker-Main-3/INFO]: Preparing spawn area: 66%
[18:50:37] [Worker-Main-3/INFO]: Preparing spawn area: 68%
[18:50:38] [Worker-Main-1/INFO]: Preparing spawn area: 70%
[18:50:38] [Worker-Main-2/INFO]: Preparing spawn area: 73%
[18:50:39] [Worker-Main-2/INFO]: Preparing spawn area: 77%
[18:50:39] [Worker-Main-2/INFO]: Preparing spawn area: 81%
[18:50:40] [Worker-Main-2/INFO]: Preparing spawn area: 83%
[18:50:40] [Worker-Main-1/INFO]: Preparing spawn area: 85%
[18:50:41] [Worker-Main-3/INFO]: Preparing spawn area: 88%
[18:50:41] [Worker-Main-3/INFO]: Preparing spawn area: 91%
[18:50:42] [Worker-Main-1/INFO]: Preparing spawn area: 95%
[18:50:42] [Worker-Main-2/INFO]: Preparing spawn area: 98%
[18:50:43] [Server thread/INFO]: Time elapsed: 24696 ms
[18:50:43] [Server thread/INFO]: Done (29.711s)! For help, type "help"
